Start testing: Apr 04 22:57 CEST
----------------------------------------------------------
1/23 Testing: Argon108
1/23 Test: Argon108
Command: "/usr/bin/sh" "/home/neeraj/Desktop/MHPC/MHPC-P2.8-project/tests/check_argon.sh" "../ljmd.x" "argon_108"
Directory: /home/neeraj/Desktop/MHPC/MHPC-P2.8-project/build/examples
"Argon108" start time: Apr 04 22:57 CEST
Output:
----------------------------------------------------------
LJMD version 1.0
Startup time:      0.001s
Starting simulation with 108 atoms for 10000 steps.
     NFI            TEMP            EKIN                 EPOT              ETOT
       0          72.64160016          23.16879686        -160.48438434        -137.31558748
     100          65.43323663          20.86971328        -158.26635748        -137.39664420
     200          59.79291673          19.07075200        -156.47936252        -137.40861052
     300          57.64514280          18.38572665        -155.78652892        -137.40080228
     400          60.30123889          19.23287966        -156.54009116        -137.30721150
     500          61.72762728          19.68782150        -157.10161687        -137.41379537
     600          57.14347223          18.22572049        -155.66135485        -137.43563437
     700          59.33906643          18.92599796        -156.26728969        -137.34129173
     800          59.75647587          19.05912931        -156.36554426        -137.30641495
     900          54.35607344          17.33668891        -154.79957079        -137.46288188
    1000          58.38087656          18.62038648        -155.96230669        -137.34192021
    1100          59.80933564          19.07598876        -156.35932099        -137.28333224
    1200          59.35800355          18.93203789        -156.26587665        -137.33383876
    1300          62.28306286          19.86497583        -157.10909906        -137.24412324
    1400          56.93168792          18.15817258        -155.44501733        -137.28684474
    1500          58.26383349          18.58305599        -155.91700555        -137.33394956
    1600          57.40448498          18.30896964        -155.68941538        -137.38044574
    1700          62.93329516          20.07236526        -157.42260553        -137.35024027
    1800          53.45890134          17.05053885        -154.52525666        -137.47471781
    1900          59.48052540          18.97111582        -156.30527788        -137.33416206
    2000          62.75114395          20.01426874        -157.30132634        -137.28705761
    2100          57.86465886          18.45574056        -155.66814504        -137.21240447
    2200          60.48709291          19.29215718        -156.59447068        -137.30231349
    2300          53.81193893          17.16313902        -154.43944722        -137.27630821
    2400          59.52572193          18.98553111        -156.33952786        -137.35399675
    2500          58.92686587          18.79452796        -156.03041541        -137.23588745
    2600          61.65941059          19.66606401        -156.94491184        -137.27884783
    2700          58.81987810          18.76040457        -156.07031128        -137.30990671
    2800          53.15475430          16.95353216        -154.26693028        -137.31339812
    2900          54.95193290          17.52673630        -154.82877244        -137.30203614
    3000          55.99963482          17.86089735        -155.23428927        -137.37339192
    3100          56.97369949          18.17157204        -155.46229974        -137.29072770
    3200          54.82661040          17.48676511        -154.82426019        -137.33749509
    3300          58.17829317          18.55577318        -155.99088421        -137.43511102
    3400          57.28760589          18.27169144        -155.64131985        -137.36962841
    3500          55.43526749          17.68089426        -155.09613321        -137.41523895
    3600          55.08689887          17.56978325        -155.00142588        -137.43164262
    3700          56.84773031          18.13139458        -155.56340405        -137.43200947
    3800          51.62384063          16.46525234        -153.98189076        -137.51663843
    3900          52.18968793          16.64572745        -154.10776873        -137.46204128
    4000          52.04672511          16.60012994        -153.99312878        -137.39299885
    4100          56.74271586          18.09790058        -155.56876360        -137.47086302
    4200          51.99604058          16.58396427        -154.04210916        -137.45814489
    4300          51.52520904          16.43379412        -153.89621067        -137.46241655
    4400          53.09306344          16.93385607        -154.37719411        -137.44333804
    4500          55.28594580          17.63326861        -154.99829989        -137.36503129
    4600          50.51655637          16.11208770        -153.48044148        -137.36835377
    4700          54.85651937          17.49630448        -154.83328101        -137.33697654
    4800          51.60785195          16.46015280        -153.91453283        -137.45438003
    4900          44.13906072          14.07800667        -151.42874735        -137.35074068
    5000          51.66635546          16.47881230        -153.91413266        -137.43532036
    5100          52.03396377          16.59605975        -154.01886682        -137.42280707
    5200          52.01359630          16.58956361        -153.91400988        -137.32444627
    5300          54.77953784          17.47175147        -154.88599243        -137.41424096
    5400          50.01748741          15.95291132        -153.32380634        -137.37089502
    5500          48.05372268          15.32657509        -152.60364199        -137.27706691
    5600          51.24776577          16.34530451        -153.72356758        -137.37826307
    5700          51.39249643          16.39146588        -153.85247351        -137.46100764
    5800          44.22681562          14.10599580        -151.45679126        -137.35079546
    5900          50.70254417          16.17140789        -153.51888972        -137.34748183
    6000          54.90498012          17.51176087        -154.94244361        -137.43068274
    6100          58.52851467          18.66747517        -156.15397521        -137.48650005
    6200          49.82264181          15.89076596        -153.23914002        -137.34837405
    6300          58.08254393          18.52523428        -155.93696897        -137.41173469
    6400          52.05716133          16.60345854        -153.98717388        -137.38371534
    6500          62.68146925          19.99204622        -157.43046754        -137.43842132
    6600          54.35218652          17.33544919        -154.74300850        -137.40755931
    6700          47.29008056          15.08301397        -152.45919550        -137.37618153
    6800          52.99033085          16.90108985        -154.32376350        -137.42267365
    6900          56.52176890          18.02743027        -155.39562225        -137.36819198
    7000          52.52112893          16.75143946        -154.07257724        -137.32113778
    7100          53.31053321          17.00321733        -154.36698629        -137.36376896
    7200          53.69849890          17.12695770        -154.51062895        -137.38367125
    7300          45.50783779          14.51457356        -151.94850960        -137.43393604
    7400          56.34942416          17.97246149        -155.30498302        -137.33252152
    7500          53.58737922          17.09151644        -154.51765802        -137.42614157
    7600          56.74794418          18.09956813        -155.39241372        -137.29284559
    7700          54.10921680          17.25795480        -154.70726931        -137.44931450
    7800          53.42100980          17.03845347        -154.43745771        -137.39900424
    7900          53.38806593          17.02794613        -154.43432643        -137.40638030
    8000          53.18355626          16.96271845        -154.36088659        -137.39816813
    8100          52.24060336          16.66196676        -154.10411952        -137.44215276
    8200          50.36132067          16.06257580        -153.51595204        -137.45337625
    8300          47.47296111          15.14134311        -152.59004377        -137.44870065
    8400          50.33152546          16.05307271        -153.46001857        -137.40694586
    8500          59.27557427          18.90574734        -156.29322814        -137.38748079
    8600          57.93956229          18.47963076        -155.82841658        -137.34878582
    8700          54.11955902          17.26125342        -154.62475016        -137.36349674
    8800          49.36655967          15.74530008        -153.08553148        -137.34023140
    8900          51.70909787          16.49244485        -153.89917857        -137.40673372
    9000          57.74376533          18.41718197        -155.79351420        -137.37633222
    9100          54.45453080          17.36809156        -154.77943001        -137.41133845
    9200          50.45787840          16.09337256        -153.54320170        -137.44982914
    9300          53.89978120          17.19115602        -154.51557923        -137.32442322
    9400          51.10557109          16.29995199        -153.65183532        -137.35188333
    9500          54.74883743          17.46195968        -154.81777299        -137.35581331
    9600          55.11645816          17.57921109        -154.95047076        -137.37125967
    9700          51.26925924          16.35215978        -153.74723979        -137.39508000
    9800          53.75393432          17.14463864        -154.53122313        -137.38658449
    9900          53.85681208          17.17745116        -154.56826789        -137.39081673
   10000          51.28952923          16.35862483        -153.74543909        -137.38681426
Simulation Done. Run time:      1.681s
The argon_108 simulation was executed without errors.
<end of output>
Test time =   1.70 sec
----------------------------------------------------------
Test Pass Reason:
Required regular expression found. Regex=[.*The argon_108 simulation was executed without errors..*]
"Argon108" end time: Apr 04 22:57 CEST
"Argon108" time elapsed: 00:00:01
----------------------------------------------------------

2/23 Testing: Argon2916
2/23 Test: Argon2916
Command: "/usr/bin/sh" "/home/neeraj/Desktop/MHPC/MHPC-P2.8-project/tests/check_argon.sh" "../ljmd.x" "argon_2916"
Directory: /home/neeraj/Desktop/MHPC/MHPC-P2.8-project/build/examples
"Argon2916" start time: Apr 04 22:57 CEST
Output:
----------------------------------------------------------
LJMD version 1.0
Startup time:      0.079s
Starting simulation with 2916 atoms for 1000 steps.
     NFI            TEMP            EKIN                 EPOT              ETOT
       0          71.99368194         625.55751531       -4527.08079059       -3901.52327528
      10          68.60831055         596.14181574       -4497.58079022       -3901.43897448
      20          64.89174443         563.84834495       -4465.41237132       -3901.56402636
      30          64.77953782         562.87337480       -4464.45884194       -3901.58546713
      40          65.07687785         565.45698058       -4467.29673078       -3901.83975020
      50          61.95477889         538.32887135       -4440.15998060       -3901.83110925
      60          61.17560473         531.55857934       -4433.35990407       -3901.80132473
      70          66.08898965         574.25128208       -4476.05680362       -3901.80552154
      80          68.51477355         595.32906702       -4497.18783244       -3901.85876542
      90          66.90889172         581.37546136       -4483.37711146       -3902.00165010
     100          64.68929464         562.08924631       -4464.30521481       -3902.21596850
     110          63.11427415         548.40379674       -4450.24254165       -3901.83874491
     120          61.89642500         537.82183080       -4439.77485409       -3901.95302329
     130          58.55937697         508.82601597       -4410.97100587       -3902.14498990
     140          55.58853458         483.01218429       -4385.21761508       -3902.20543079
     150          57.82444851         502.44017752       -4404.77139596       -3902.33121843
     160          60.49428299         525.63853291       -4428.10427066       -3902.46573775
     170          59.00832374         512.72694192       -4415.25886111       -3902.53191920
     180          58.15325973         505.29723838       -4407.88234786       -3902.58510948
     190          58.83655239         511.23441013       -4413.94815702       -3902.71374689
     200          59.26234200         514.93412213       -4417.65526119       -3902.72113906
     210          57.92443190         503.30893927       -4406.11666239       -3902.80772312
     220          54.62171098         474.61139480       -4377.16142114       -3902.55002633
     230          54.11383283         470.19841037       -4372.47907328       -3902.28066291
     240          58.39588842         507.40545389       -4409.46098322       -3902.05552933
     250          62.82054984         545.85160822       -4447.81352381       -3901.96191559
     260          64.22535272         558.05802652       -4460.17923030       -3902.12120378
     270          62.38742480         542.08815820       -4444.17187906       -3902.08372085
     280          58.13946915         505.17741113       -4407.57637240       -3902.39896126
     290          55.29755813         480.48387214       -4382.68036577       -3902.19649363
     300          56.62733142         492.03835369       -4394.45761140       -3902.41925771
     310          58.49375542         508.25582628       -4410.76096637       -3902.50514008
     320          57.71507583         501.48983161       -4404.10198481       -3902.61215321
     330          57.46641396         499.32919335       -4401.83021399       -3902.50102064
     340          57.23595346         497.32670793       -4399.80696012       -3902.48025219
     350          56.21427754         488.44930325       -4390.69320909       -3902.24390584
     360          56.80425376         493.57564274       -4395.85697645       -3902.28133371
     370          56.18468041         488.19213195       -4390.35637764       -3902.16424569
     380          54.09907897         470.07021322       -4372.09164774       -3902.02143453
     390          55.45982997         481.89386210       -4383.87946509       -3901.98560300
     400          59.05231702         513.10920223       -4415.00195546       -3901.89275323
     410          60.52608075         525.91482565       -4427.97978627       -3902.06496061
     420          57.71496207         501.48884309       -4403.86165740       -3902.37281432
     430          56.33019355         489.45650453       -4391.88472745       -3902.42822293
     440          57.28467538         497.75005570       -4400.02972874       -3902.27967304
     450          59.11158124         513.62415269       -4415.81365847       -3902.18950578
     460          63.41386366         551.00694833       -4453.20167934       -3902.19473101
     470          63.57471252         552.40457395       -4454.42772616       -3902.02315221
     480          58.99526581         512.61348076       -4414.49784063       -3901.88435987
     490          57.56030899         500.14505301       -4401.93622623       -3901.79117322
     500          60.11214716         522.31813131       -4424.10537657       -3901.78724526
     510          61.15153721         531.34945511       -4432.99589687       -3901.64644176
     520          62.83081934         545.94084049       -4447.52615511       -3901.58531461
     530          66.58419641         578.55416397       -4480.14877400       -3901.59461003
     540          64.58496728         561.18273950       -4462.99140251       -3901.80866301
     550          60.69239119         527.35990725       -4429.34491825       -3901.98501101
     560          60.37576986         524.60876509       -4426.77639169       -3902.16762660
     570          59.62512759         518.08638838       -4420.22217873       -3902.13579035
     580          56.62268726         491.99800033       -4394.14486126       -3902.14686093
     590          54.45871686         473.19512886       -4375.35660721       -3902.16147835
     600          56.55446482         491.40521139       -4393.61490809       -3902.20969670
     610          61.52344897         534.58101926       -4436.82027124       -3902.23925198
     620          63.45926051         551.40140431       -4453.70177589       -3902.30037158
     630          59.46264952         516.67460648       -4419.05396080       -3902.37935431
     640          54.27633377         471.61039101       -4373.83354472       -3902.22315371
     650          54.96918664         477.63063209       -4379.70574246       -3902.07511036
     660          58.09736402         504.81155712       -4406.84240181       -3902.03084468
     670          60.19447688         523.03349926       -4425.21548022       -3902.18198096
     680          61.52194541         534.56795468       -4436.58464091       -3902.01668622
     690          60.66117803         527.08869415       -4429.12062348       -3902.03192933
     700          58.49642022         508.27898086       -4410.43319534       -3902.15421448
     710          56.90866952         494.48291776       -4396.68041018       -3902.19749242
     720          57.30154843         497.89666664       -4400.09607005       -3902.19940341
     730          58.34705691         506.98115391       -4409.24682682       -3902.26567291
     740          57.75034818         501.79631522       -4404.07250371       -3902.27618849
     750          54.87826098         476.84057346       -4379.20257485       -3902.36200139
     760          52.52217289         456.36837964       -4358.50079238       -3902.13241274
     770          55.85631529         485.33894735       -4387.40341457       -3902.06446722
     780          59.35043617         515.69957781       -4417.83378321       -3902.13420541
     790          60.07100807         521.96067119       -4424.01966178       -3902.05899059
     800          58.91478868         511.91421009       -4414.13690822       -3902.22269812
     810          58.73359183         510.33977955       -4412.39607586       -3902.05629631
     820          60.41735261         524.97008013       -4426.98794967       -3902.01786953
     830          60.51743677         525.83971756       -4427.94396558       -3902.10424801
     840          57.31576411         498.02018759       -4400.02924915       -3902.00906156
     850          53.88920238         468.24658269       -4370.18209411       -3901.93551143
     860          53.72754135         466.84190005       -4368.90963670       -3902.06773664
     870          56.52690758         491.16576478       -4393.20093949       -3902.03517471
     880          58.38940040         507.34907909       -4409.42182431       -3902.07274522
     890          58.16698767         505.41652124       -4407.52064621       -3902.10412497
     900          57.72669244         501.59076905       -4403.46853413       -3901.87776508
     910          57.74326755         501.73479115       -4403.54208881       -3901.80729766
     920          56.44846903         490.48420746       -4392.46089736       -3901.97668990
     930          54.74663307         475.69685046       -4377.58995216       -3901.89310170
     940          53.42505845         464.21360763       -4366.01776068       -3901.80415305
     950          53.41825759         464.15451452       -4366.15606336       -3902.00154883
     960          54.86798357         476.75127239       -4378.80550350       -3902.05423111
     970          56.08285345         487.30735129       -4389.41969563       -3902.11234434
     980          56.46581412         490.63491999       -4392.83605285       -3902.20113286
     990          57.72988691         501.61852597       -4403.72887964       -3902.11035367
    1000          60.24508534         523.47323926       -4425.11992013       -3901.64668087
Simulation Done. Run time:     70.727s
The argon_2916 simulation was executed without errors.
<end of output>
Test time =  70.83 sec
----------------------------------------------------------
Test Pass Reason:
Required regular expression found. Regex=[.*The argon_2916 simulation was executed without errors..*]
"Argon2916" end time: Apr 04 22:58 CEST
"Argon2916" time elapsed: 00:01:10
----------------------------------------------------------

3/23 Testing: ConstantsTest.Boltzmann
3/23 Test: ConstantsTest.Boltzmann
Command: "/home/neeraj/Desktop/MHPC/MHPC-P2.8-project/build/tests/GoogleTests" "--gtest_filter=ConstantsTest.Boltzmann" "--gtest_also_run_disabled_tests"
Directory: /home/neeraj/Desktop/MHPC/MHPC-P2.8-project/build/tests
"ConstantsTest.Boltzmann" start time: Apr 04 22:58 CEST
Output:
----------------------------------------------------------
Note: Google Test filter = ConstantsTest.Boltzmann
[==========] Running 1 test from 1 test suite.
[----------] Global test environment set-up.
[----------] 1 test from ConstantsTest
[ RUN      ] ConstantsTest.Boltzmann
[       OK ] ConstantsTest.Boltzmann (0 ms)
[----------] 1 test from ConstantsTest (0 ms total)

[----------] Global test environment tear-down
[==========] 1 test from 1 test suite ran. (0 ms total)
[  PASSED  ] 1 test.
<end of output>
Test time =   0.00 sec
----------------------------------------------------------
Test Passed.
"ConstantsTest.Boltzmann" end time: Apr 04 22:58 CEST
"ConstantsTest.Boltzmann" time elapsed: 00:00:00
----------------------------------------------------------

4/23 Testing: ConstantsTest.MVSQ2E
4/23 Test: ConstantsTest.MVSQ2E
Command: "/home/neeraj/Desktop/MHPC/MHPC-P2.8-project/build/tests/GoogleTests" "--gtest_filter=ConstantsTest.MVSQ2E" "--gtest_also_run_disabled_tests"
Directory: /home/neeraj/Desktop/MHPC/MHPC-P2.8-project/build/tests
"ConstantsTest.MVSQ2E" start time: Apr 04 22:58 CEST
Output:
----------------------------------------------------------
Note: Google Test filter = ConstantsTest.MVSQ2E
[==========] Running 1 test from 1 test suite.
[----------] Global test environment set-up.
[----------] 1 test from ConstantsTest
[ RUN      ] ConstantsTest.MVSQ2E
[       OK ] ConstantsTest.MVSQ2E (0 ms)
[----------] 1 test from ConstantsTest (0 ms total)

[----------] Global test environment tear-down
[==========] 1 test from 1 test suite ran. (0 ms total)
[  PASSED  ] 1 test.
<end of output>
Test time =   0.00 sec
----------------------------------------------------------
Test Passed.
"ConstantsTest.MVSQ2E" end time: Apr 04 22:58 CEST
"ConstantsTest.MVSQ2E" time elapsed: 00:00:00
----------------------------------------------------------

5/23 Testing: EnergyTest.TwoParticleInsideCutoff
5/23 Test: EnergyTest.TwoParticleInsideCutoff
Command: "/home/neeraj/Desktop/MHPC/MHPC-P2.8-project/build/tests/GoogleTests" "--gtest_filter=EnergyTest.TwoParticleInsideCutoff" "--gtest_also_run_disabled_tests"
Directory: /home/neeraj/Desktop/MHPC/MHPC-P2.8-project/build/tests
"EnergyTest.TwoParticleInsideCutoff" start time: Apr 04 22:58 CEST
Output:
----------------------------------------------------------
Note: Google Test filter = EnergyTest.TwoParticleInsideCutoff
[==========] Running 1 test from 1 test suite.
[----------] Global test environment set-up.
[----------] 1 test from EnergyTest
[ RUN      ] EnergyTest.TwoParticleInsideCutoff
[       OK ] EnergyTest.TwoParticleInsideCutoff (0 ms)
[----------] 1 test from EnergyTest (0 ms total)

[----------] Global test environment tear-down
[==========] 1 test from 1 test suite ran. (0 ms total)
[  PASSED  ] 1 test.
<end of output>
Test time =   0.00 sec
----------------------------------------------------------
Test Passed.
"EnergyTest.TwoParticleInsideCutoff" end time: Apr 04 22:58 CEST
"EnergyTest.TwoParticleInsideCutoff" time elapsed: 00:00:00
----------------------------------------------------------

6/23 Testing: EnergyTest.ThreeParticleInsideCutoff
6/23 Test: EnergyTest.ThreeParticleInsideCutoff
Command: "/home/neeraj/Desktop/MHPC/MHPC-P2.8-project/build/tests/GoogleTests" "--gtest_filter=EnergyTest.ThreeParticleInsideCutoff" "--gtest_also_run_disabled_tests"
Directory: /home/neeraj/Desktop/MHPC/MHPC-P2.8-project/build/tests
"EnergyTest.ThreeParticleInsideCutoff" start time: Apr 04 22:58 CEST
Output:
----------------------------------------------------------
Note: Google Test filter = EnergyTest.ThreeParticleInsideCutoff
[==========] Running 1 test from 1 test suite.
[----------] Global test environment set-up.
[----------] 1 test from EnergyTest
[ RUN      ] EnergyTest.ThreeParticleInsideCutoff
[       OK ] EnergyTest.ThreeParticleInsideCutoff (0 ms)
[----------] 1 test from EnergyTest (0 ms total)

[----------] Global test environment tear-down
[==========] 1 test from 1 test suite ran. (0 ms total)
[  PASSED  ] 1 test.
<end of output>
Test time =   0.00 sec
----------------------------------------------------------
Test Passed.
"EnergyTest.ThreeParticleInsideCutoff" end time: Apr 04 22:58 CEST
"EnergyTest.ThreeParticleInsideCutoff" time elapsed: 00:00:00
----------------------------------------------------------

7/23 Testing: EnergyTest.TwoParticleOutsideCutoff
7/23 Test: EnergyTest.TwoParticleOutsideCutoff
Command: "/home/neeraj/Desktop/MHPC/MHPC-P2.8-project/build/tests/GoogleTests" "--gtest_filter=EnergyTest.TwoParticleOutsideCutoff" "--gtest_also_run_disabled_tests"
Directory: /home/neeraj/Desktop/MHPC/MHPC-P2.8-project/build/tests
"EnergyTest.TwoParticleOutsideCutoff" start time: Apr 04 22:58 CEST
Output:
----------------------------------------------------------
Note: Google Test filter = EnergyTest.TwoParticleOutsideCutoff
[==========] Running 1 test from 1 test suite.
[----------] Global test environment set-up.
[----------] 1 test from EnergyTest
[ RUN      ] EnergyTest.TwoParticleOutsideCutoff
[       OK ] EnergyTest.TwoParticleOutsideCutoff (0 ms)
[----------] 1 test from EnergyTest (0 ms total)

[----------] Global test environment tear-down
[==========] 1 test from 1 test suite ran. (0 ms total)
[  PASSED  ] 1 test.
<end of output>
Test time =   0.00 sec
----------------------------------------------------------
Test Passed.
"EnergyTest.TwoParticleOutsideCutoff" end time: Apr 04 22:58 CEST
"EnergyTest.TwoParticleOutsideCutoff" time elapsed: 00:00:00
----------------------------------------------------------

8/23 Testing: EnergyTest.ThreeParticleOutsideCutoff
8/23 Test: EnergyTest.ThreeParticleOutsideCutoff
Command: "/home/neeraj/Desktop/MHPC/MHPC-P2.8-project/build/tests/GoogleTests" "--gtest_filter=EnergyTest.ThreeParticleOutsideCutoff" "--gtest_also_run_disabled_tests"
Directory: /home/neeraj/Desktop/MHPC/MHPC-P2.8-project/build/tests
"EnergyTest.ThreeParticleOutsideCutoff" start time: Apr 04 22:58 CEST
Output:
----------------------------------------------------------
Note: Google Test filter = EnergyTest.ThreeParticleOutsideCutoff
[==========] Running 1 test from 1 test suite.
[----------] Global test environment set-up.
[----------] 1 test from EnergyTest
[ RUN      ] EnergyTest.ThreeParticleOutsideCutoff
[       OK ] EnergyTest.ThreeParticleOutsideCutoff (0 ms)
[----------] 1 test from EnergyTest (0 ms total)

[----------] Global test environment tear-down
[==========] 1 test from 1 test suite ran. (0 ms total)
[  PASSED  ] 1 test.
<end of output>
Test time =   0.00 sec
----------------------------------------------------------
Test Passed.
"EnergyTest.ThreeParticleOutsideCutoff" end time: Apr 04 22:58 CEST
"EnergyTest.ThreeParticleOutsideCutoff" time elapsed: 00:00:00
----------------------------------------------------------

9/23 Testing: ForceTest.TwoParticleInsideCutoff
9/23 Test: ForceTest.TwoParticleInsideCutoff
Command: "/home/neeraj/Desktop/MHPC/MHPC-P2.8-project/build/tests/GoogleTests" "--gtest_filter=ForceTest.TwoParticleInsideCutoff" "--gtest_also_run_disabled_tests"
Directory: /home/neeraj/Desktop/MHPC/MHPC-P2.8-project/build/tests
"ForceTest.TwoParticleInsideCutoff" start time: Apr 04 22:58 CEST
Output:
----------------------------------------------------------
Note: Google Test filter = ForceTest.TwoParticleInsideCutoff
[==========] Running 1 test from 1 test suite.
[----------] Global test environment set-up.
[----------] 1 test from ForceTest
[ RUN      ] ForceTest.TwoParticleInsideCutoff
[       OK ] ForceTest.TwoParticleInsideCutoff (0 ms)
[----------] 1 test from ForceTest (0 ms total)

[----------] Global test environment tear-down
[==========] 1 test from 1 test suite ran. (0 ms total)
[  PASSED  ] 1 test.
<end of output>
Test time =   0.00 sec
----------------------------------------------------------
Test Passed.
"ForceTest.TwoParticleInsideCutoff" end time: Apr 04 22:58 CEST
"ForceTest.TwoParticleInsideCutoff" time elapsed: 00:00:00
----------------------------------------------------------

10/23 Testing: ForceTest.ThreeParticleInsideCutoff
10/23 Test: ForceTest.ThreeParticleInsideCutoff
Command: "/home/neeraj/Desktop/MHPC/MHPC-P2.8-project/build/tests/GoogleTests" "--gtest_filter=ForceTest.ThreeParticleInsideCutoff" "--gtest_also_run_disabled_tests"
Directory: /home/neeraj/Desktop/MHPC/MHPC-P2.8-project/build/tests
"ForceTest.ThreeParticleInsideCutoff" start time: Apr 04 22:58 CEST
Output:
----------------------------------------------------------
Note: Google Test filter = ForceTest.ThreeParticleInsideCutoff
[==========] Running 1 test from 1 test suite.
[----------] Global test environment set-up.
[----------] 1 test from ForceTest
[ RUN      ] ForceTest.ThreeParticleInsideCutoff
[       OK ] ForceTest.ThreeParticleInsideCutoff (0 ms)
[----------] 1 test from ForceTest (0 ms total)

[----------] Global test environment tear-down
[==========] 1 test from 1 test suite ran. (0 ms total)
[  PASSED  ] 1 test.
<end of output>
Test time =   0.00 sec
----------------------------------------------------------
Test Passed.
"ForceTest.ThreeParticleInsideCutoff" end time: Apr 04 22:58 CEST
"ForceTest.ThreeParticleInsideCutoff" time elapsed: 00:00:00
----------------------------------------------------------

11/23 Testing: ForceTest.TwoParticleOutsideCutoff
11/23 Test: ForceTest.TwoParticleOutsideCutoff
Command: "/home/neeraj/Desktop/MHPC/MHPC-P2.8-project/build/tests/GoogleTests" "--gtest_filter=ForceTest.TwoParticleOutsideCutoff" "--gtest_also_run_disabled_tests"
Directory: /home/neeraj/Desktop/MHPC/MHPC-P2.8-project/build/tests
"ForceTest.TwoParticleOutsideCutoff" start time: Apr 04 22:58 CEST
Output:
----------------------------------------------------------
Note: Google Test filter = ForceTest.TwoParticleOutsideCutoff
[==========] Running 1 test from 1 test suite.
[----------] Global test environment set-up.
[----------] 1 test from ForceTest
[ RUN      ] ForceTest.TwoParticleOutsideCutoff
[       OK ] ForceTest.TwoParticleOutsideCutoff (0 ms)
[----------] 1 test from ForceTest (0 ms total)

[----------] Global test environment tear-down
[==========] 1 test from 1 test suite ran. (0 ms total)
[  PASSED  ] 1 test.
<end of output>
Test time =   0.00 sec
----------------------------------------------------------
Test Passed.
"ForceTest.TwoParticleOutsideCutoff" end time: Apr 04 22:58 CEST
"ForceTest.TwoParticleOutsideCutoff" time elapsed: 00:00:00
----------------------------------------------------------

12/23 Testing: ForceTest.ThreeParticleOutsideCutoff
12/23 Test: ForceTest.ThreeParticleOutsideCutoff
Command: "/home/neeraj/Desktop/MHPC/MHPC-P2.8-project/build/tests/GoogleTests" "--gtest_filter=ForceTest.ThreeParticleOutsideCutoff" "--gtest_also_run_disabled_tests"
Directory: /home/neeraj/Desktop/MHPC/MHPC-P2.8-project/build/tests
"ForceTest.ThreeParticleOutsideCutoff" start time: Apr 04 22:58 CEST
Output:
----------------------------------------------------------
Note: Google Test filter = ForceTest.ThreeParticleOutsideCutoff
[==========] Running 1 test from 1 test suite.
[----------] Global test environment set-up.
[----------] 1 test from ForceTest
[ RUN      ] ForceTest.ThreeParticleOutsideCutoff
[       OK ] ForceTest.ThreeParticleOutsideCutoff (0 ms)
[----------] 1 test from ForceTest (0 ms total)

[----------] Global test environment tear-down
[==========] 1 test from 1 test suite ran. (0 ms total)
[  PASSED  ] 1 test.
<end of output>
Test time =   0.00 sec
----------------------------------------------------------
Test Passed.
"ForceTest.ThreeParticleOutsideCutoff" end time: Apr 04 22:58 CEST
"ForceTest.ThreeParticleOutsideCutoff" time elapsed: 00:00:00
----------------------------------------------------------

13/23 Testing: InputTest.TextInput
13/23 Test: InputTest.TextInput
Command: "/home/neeraj/Desktop/MHPC/MHPC-P2.8-project/build/tests/GoogleTests" "--gtest_filter=InputTest.TextInput" "--gtest_also_run_disabled_tests"
Directory: /home/neeraj/Desktop/MHPC/MHPC-P2.8-project/build/tests
"InputTest.TextInput" start time: Apr 04 22:58 CEST
Output:
----------------------------------------------------------
Note: Google Test filter = InputTest.TextInput
[==========] Running 1 test from 1 test suite.
[----------] Global test environment set-up.
[----------] 1 test from InputTest
[ RUN      ] InputTest.TextInput
[       OK ] InputTest.TextInput (0 ms)
[----------] 1 test from InputTest (0 ms total)

[----------] Global test environment tear-down
[==========] 1 test from 1 test suite ran. (0 ms total)
[  PASSED  ] 1 test.
<end of output>
Test time =   0.00 sec
----------------------------------------------------------
Test Passed.
"InputTest.TextInput" end time: Apr 04 22:58 CEST
"InputTest.TextInput" time elapsed: 00:00:00
----------------------------------------------------------

14/23 Testing: InputTest.EmptyInput
14/23 Test: InputTest.EmptyInput
Command: "/home/neeraj/Desktop/MHPC/MHPC-P2.8-project/build/tests/GoogleTests" "--gtest_filter=InputTest.EmptyInput" "--gtest_also_run_disabled_tests"
Directory: /home/neeraj/Desktop/MHPC/MHPC-P2.8-project/build/tests
"InputTest.EmptyInput" start time: Apr 04 22:58 CEST
Output:
----------------------------------------------------------
Note: Google Test filter = InputTest.EmptyInput
[==========] Running 1 test from 1 test suite.
[----------] Global test environment set-up.
[----------] 1 test from InputTest
[ RUN      ] InputTest.EmptyInput
problem reading input: Success
[       OK ] InputTest.EmptyInput (0 ms)
[----------] 1 test from InputTest (0 ms total)

[----------] Global test environment tear-down
[==========] 1 test from 1 test suite ran. (0 ms total)
[  PASSED  ] 1 test.
<end of output>
Test time =   0.00 sec
----------------------------------------------------------
Test Passed.
"InputTest.EmptyInput" end time: Apr 04 22:58 CEST
"InputTest.EmptyInput" time elapsed: 00:00:00
----------------------------------------------------------

15/23 Testing: InputTest.CommentInput
15/23 Test: InputTest.CommentInput
Command: "/home/neeraj/Desktop/MHPC/MHPC-P2.8-project/build/tests/GoogleTests" "--gtest_filter=InputTest.CommentInput" "--gtest_also_run_disabled_tests"
Directory: /home/neeraj/Desktop/MHPC/MHPC-P2.8-project/build/tests
"InputTest.CommentInput" start time: Apr 04 22:58 CEST
Output:
----------------------------------------------------------
Note: Google Test filter = InputTest.CommentInput
[==========] Running 1 test from 1 test suite.
[----------] Global test environment set-up.
[----------] 1 test from InputTest
[ RUN      ] InputTest.CommentInput
[       OK ] InputTest.CommentInput (0 ms)
[----------] 1 test from InputTest (0 ms total)

[----------] Global test environment tear-down
[==========] 1 test from 1 test suite ran. (0 ms total)
[  PASSED  ] 1 test.
<end of output>
Test time =   0.00 sec
----------------------------------------------------------
Test Passed.
"InputTest.CommentInput" end time: Apr 04 22:58 CEST
"InputTest.CommentInput" time elapsed: 00:00:00
----------------------------------------------------------

16/23 Testing: InputTest.Argon108Input
16/23 Test: InputTest.Argon108Input
Command: "/home/neeraj/Desktop/MHPC/MHPC-P2.8-project/build/tests/GoogleTests" "--gtest_filter=InputTest.Argon108Input" "--gtest_also_run_disabled_tests"
Directory: /home/neeraj/Desktop/MHPC/MHPC-P2.8-project/build/tests
"InputTest.Argon108Input" start time: Apr 04 22:58 CEST
Output:
----------------------------------------------------------
Note: Google Test filter = InputTest.Argon108Input
[==========] Running 1 test from 1 test suite.
[----------] Global test environment set-up.
[----------] 1 test from InputTest
[ RUN      ] InputTest.Argon108Input
[       OK ] InputTest.Argon108Input (0 ms)
[----------] 1 test from InputTest (0 ms total)

[----------] Global test environment tear-down
[==========] 1 test from 1 test suite ran. (0 ms total)
[  PASSED  ] 1 test.
<end of output>
Test time =   0.00 sec
----------------------------------------------------------
Test Passed.
"InputTest.Argon108Input" end time: Apr 04 22:58 CEST
"InputTest.Argon108Input" time elapsed: 00:00:00
----------------------------------------------------------

17/23 Testing: AzzeroTest.ZeroArray
17/23 Test: AzzeroTest.ZeroArray
Command: "/home/neeraj/Desktop/MHPC/MHPC-P2.8-project/build/tests/GoogleTests" "--gtest_filter=AzzeroTest.ZeroArray" "--gtest_also_run_disabled_tests"
Directory: /home/neeraj/Desktop/MHPC/MHPC-P2.8-project/build/tests
"AzzeroTest.ZeroArray" start time: Apr 04 22:58 CEST
Output:
----------------------------------------------------------
Note: Google Test filter = AzzeroTest.ZeroArray
[==========] Running 1 test from 1 test suite.
[----------] Global test environment set-up.
[----------] 1 test from AzzeroTest
[ RUN      ] AzzeroTest.ZeroArray
[       OK ] AzzeroTest.ZeroArray (0 ms)
[----------] 1 test from AzzeroTest (0 ms total)

[----------] Global test environment tear-down
[==========] 1 test from 1 test suite ran. (0 ms total)
[  PASSED  ] 1 test.
<end of output>
Test time =   0.00 sec
----------------------------------------------------------
Test Passed.
"AzzeroTest.ZeroArray" end time: Apr 04 22:58 CEST
"AzzeroTest.ZeroArray" time elapsed: 00:00:00
----------------------------------------------------------

18/23 Testing: PBCTest.XisGreater
18/23 Test: PBCTest.XisGreater
Command: "/home/neeraj/Desktop/MHPC/MHPC-P2.8-project/build/tests/GoogleTests" "--gtest_filter=PBCTest.XisGreater" "--gtest_also_run_disabled_tests"
Directory: /home/neeraj/Desktop/MHPC/MHPC-P2.8-project/build/tests
"PBCTest.XisGreater" start time: Apr 04 22:58 CEST
Output:
----------------------------------------------------------
Note: Google Test filter = PBCTest.XisGreater
[==========] Running 1 test from 1 test suite.
[----------] Global test environment set-up.
[----------] 1 test from PBCTest
[ RUN      ] PBCTest.XisGreater
[       OK ] PBCTest.XisGreater (0 ms)
[----------] 1 test from PBCTest (0 ms total)

[----------] Global test environment tear-down
[==========] 1 test from 1 test suite ran. (0 ms total)
[  PASSED  ] 1 test.
<end of output>
Test time =   0.00 sec
----------------------------------------------------------
Test Passed.
"PBCTest.XisGreater" end time: Apr 04 22:58 CEST
"PBCTest.XisGreater" time elapsed: 00:00:00
----------------------------------------------------------

19/23 Testing: PBCTest.XisSmaller
19/23 Test: PBCTest.XisSmaller
Command: "/home/neeraj/Desktop/MHPC/MHPC-P2.8-project/build/tests/GoogleTests" "--gtest_filter=PBCTest.XisSmaller" "--gtest_also_run_disabled_tests"
Directory: /home/neeraj/Desktop/MHPC/MHPC-P2.8-project/build/tests
"PBCTest.XisSmaller" start time: Apr 04 22:58 CEST
Output:
----------------------------------------------------------
Note: Google Test filter = PBCTest.XisSmaller
[==========] Running 1 test from 1 test suite.
[----------] Global test environment set-up.
[----------] 1 test from PBCTest
[ RUN      ] PBCTest.XisSmaller
[       OK ] PBCTest.XisSmaller (0 ms)
[----------] 1 test from PBCTest (0 ms total)

[----------] Global test environment tear-down
[==========] 1 test from 1 test suite ran. (0 ms total)
[  PASSED  ] 1 test.
<end of output>
Test time =   0.00 sec
----------------------------------------------------------
Test Passed.
"PBCTest.XisSmaller" end time: Apr 04 22:58 CEST
"PBCTest.XisSmaller" time elapsed: 00:00:00
----------------------------------------------------------

20/23 Testing: VelVerletTest.TwoParticleInsideCutoff
20/23 Test: VelVerletTest.TwoParticleInsideCutoff
Command: "/home/neeraj/Desktop/MHPC/MHPC-P2.8-project/build/tests/GoogleTests" "--gtest_filter=VelVerletTest.TwoParticleInsideCutoff" "--gtest_also_run_disabled_tests"
Directory: /home/neeraj/Desktop/MHPC/MHPC-P2.8-project/build/tests
"VelVerletTest.TwoParticleInsideCutoff" start time: Apr 04 22:58 CEST
Output:
----------------------------------------------------------
Note: Google Test filter = VelVerletTest.TwoParticleInsideCutoff
[==========] Running 1 test from 1 test suite.
[----------] Global test environment set-up.
[----------] 1 test from VelVerletTest
[ RUN      ] VelVerletTest.TwoParticleInsideCutoff
[       OK ] VelVerletTest.TwoParticleInsideCutoff (0 ms)
[----------] 1 test from VelVerletTest (0 ms total)

[----------] Global test environment tear-down
[==========] 1 test from 1 test suite ran. (0 ms total)
[  PASSED  ] 1 test.
<end of output>
Test time =   0.00 sec
----------------------------------------------------------
Test Passed.
"VelVerletTest.TwoParticleInsideCutoff" end time: Apr 04 22:58 CEST
"VelVerletTest.TwoParticleInsideCutoff" time elapsed: 00:00:00
----------------------------------------------------------

21/23 Testing: VelVerletTest.ThreeParticleInsideCutoff
21/23 Test: VelVerletTest.ThreeParticleInsideCutoff
Command: "/home/neeraj/Desktop/MHPC/MHPC-P2.8-project/build/tests/GoogleTests" "--gtest_filter=VelVerletTest.ThreeParticleInsideCutoff" "--gtest_also_run_disabled_tests"
Directory: /home/neeraj/Desktop/MHPC/MHPC-P2.8-project/build/tests
"VelVerletTest.ThreeParticleInsideCutoff" start time: Apr 04 22:58 CEST
Output:
----------------------------------------------------------
Note: Google Test filter = VelVerletTest.ThreeParticleInsideCutoff
[==========] Running 1 test from 1 test suite.
[----------] Global test environment set-up.
[----------] 1 test from VelVerletTest
[ RUN      ] VelVerletTest.ThreeParticleInsideCutoff
[       OK ] VelVerletTest.ThreeParticleInsideCutoff (0 ms)
[----------] 1 test from VelVerletTest (0 ms total)

[----------] Global test environment tear-down
[==========] 1 test from 1 test suite ran. (0 ms total)
[  PASSED  ] 1 test.
<end of output>
Test time =   0.00 sec
----------------------------------------------------------
Test Passed.
"VelVerletTest.ThreeParticleInsideCutoff" end time: Apr 04 22:58 CEST
"VelVerletTest.ThreeParticleInsideCutoff" time elapsed: 00:00:00
----------------------------------------------------------

22/23 Testing: VelVerletTest.TwoParticleOutsideCutoff
22/23 Test: VelVerletTest.TwoParticleOutsideCutoff
Command: "/home/neeraj/Desktop/MHPC/MHPC-P2.8-project/build/tests/GoogleTests" "--gtest_filter=VelVerletTest.TwoParticleOutsideCutoff" "--gtest_also_run_disabled_tests"
Directory: /home/neeraj/Desktop/MHPC/MHPC-P2.8-project/build/tests
"VelVerletTest.TwoParticleOutsideCutoff" start time: Apr 04 22:58 CEST
Output:
----------------------------------------------------------
Note: Google Test filter = VelVerletTest.TwoParticleOutsideCutoff
[==========] Running 1 test from 1 test suite.
[----------] Global test environment set-up.
[----------] 1 test from VelVerletTest
[ RUN      ] VelVerletTest.TwoParticleOutsideCutoff
[       OK ] VelVerletTest.TwoParticleOutsideCutoff (0 ms)
[----------] 1 test from VelVerletTest (0 ms total)

[----------] Global test environment tear-down
[==========] 1 test from 1 test suite ran. (0 ms total)
[  PASSED  ] 1 test.
<end of output>
Test time =   0.00 sec
----------------------------------------------------------
Test Passed.
"VelVerletTest.TwoParticleOutsideCutoff" end time: Apr 04 22:58 CEST
"VelVerletTest.TwoParticleOutsideCutoff" time elapsed: 00:00:00
----------------------------------------------------------

23/23 Testing: VelVerletTest.ThreeParticleOutsideCutoff
23/23 Test: VelVerletTest.ThreeParticleOutsideCutoff
Command: "/home/neeraj/Desktop/MHPC/MHPC-P2.8-project/build/tests/GoogleTests" "--gtest_filter=VelVerletTest.ThreeParticleOutsideCutoff" "--gtest_also_run_disabled_tests"
Directory: /home/neeraj/Desktop/MHPC/MHPC-P2.8-project/build/tests
"VelVerletTest.ThreeParticleOutsideCutoff" start time: Apr 04 22:58 CEST
Output:
----------------------------------------------------------
Note: Google Test filter = VelVerletTest.ThreeParticleOutsideCutoff
[==========] Running 1 test from 1 test suite.
[----------] Global test environment set-up.
[----------] 1 test from VelVerletTest
[ RUN      ] VelVerletTest.ThreeParticleOutsideCutoff
[       OK ] VelVerletTest.ThreeParticleOutsideCutoff (0 ms)
[----------] 1 test from VelVerletTest (0 ms total)

[----------] Global test environment tear-down
[==========] 1 test from 1 test suite ran. (0 ms total)
[  PASSED  ] 1 test.
<end of output>
Test time =   0.00 sec
----------------------------------------------------------
Test Passed.
"VelVerletTest.ThreeParticleOutsideCutoff" end time: Apr 04 22:58 CEST
"VelVerletTest.ThreeParticleOutsideCutoff" time elapsed: 00:00:00
----------------------------------------------------------

End testing: Apr 04 22:58 CEST
